D:\Z_KAREEM\CS\FACULTY\DATA STRUCTURES\DS-PROJECT-F2016_STD\DS-PROJECT.CASTLE\CASTLE\DEBUG\DEMO.OBJ
D:\Z_KAREEM\CS\FACULTY\DATA STRUCTURES\DS-PROJECT-F2016_STD\DS-PROJECT.CASTLE\CASTLE\DEBUG\ENEMY.OBJ
D:\Z_KAREEM\CS\FACULTY\DATA STRUCTURES\DS-PROJECT-F2016_STD\DS-PROJECT.CASTLE\CASTLE\DEBUG\FILE_IO.OBJ
D:\Z_KAREEM\CS\FACULTY\DATA STRUCTURES\DS-PROJECT-F2016_STD\DS-PROJECT.CASTLE\CASTLE\DEBUG\SOURCE.OBJ
D:\Z_KAREEM\CS\FACULTY\DATA STRUCTURES\DS-PROJECT-F2016_STD\DS-PROJECT.CASTLE\CASTLE\DEBUG\TOWER.OBJ
D:\Z_KAREEM\CS\FACULTY\DATA STRUCTURES\DS-PROJECT-F2016_STD\DS-PROJECT.CASTLE\CASTLE\DEBUG\UTILITY.OBJ
D:\Z_KAREEM\CS\FACULTY\DATA STRUCTURES\DS-PROJECT-F2016_STD\DS-PROJECT.CASTLE\CASTLE\DEBUG\VC110.PDB
D:\Z_KAREEM\CS\FACULTY\DATA STRUCTURES\DS-PROJECT-F2016_STD\DS-PROJECT.CASTLE\CASTLE\DEBUG\TESTING.OBJ
D:\Z_KAREEM\CS\FACULTY\DATA STRUCTURES\DS-PROJECT-F2016_STD\DS-PROJECT.CASTLE\CASTLE\DEBUG\TESTS.OBJ
D:\Z_KAREEM\CS\FACULTY\DATA STRUCTURES\DS-PROJECT-F2016_STD\DS-PROJECT.CASTLE\DEBUG\CASTLE.ILK
D:\Z_KAREEM\CS\FACULTY\DATA STRUCTURES\DS-PROJECT-F2016_STD\DS-PROJECT.CASTLE\DEBUG\CASTLE.EXE
D:\Z_KAREEM\CS\FACULTY\DATA STRUCTURES\DS-PROJECT-F2016_STD\DS-PROJECT.CASTLE\DEBUG\CASTLE.PDB
C:\Users\Administrator\Desktop\unknown-secret\Castle\Debug\Demo.obj
C:\Users\Administrator\Desktop\unknown-secret\Castle\Debug\Enemy.obj
C:\Users\Administrator\Desktop\unknown-secret\Castle\Debug\File_IO.obj
C:\Users\Administrator\Desktop\unknown-secret\Castle\Debug\Queue.obj
C:\Users\Administrator\Desktop\unknown-secret\Castle\Debug\Source.obj
C:\Users\Administrator\Desktop\unknown-secret\Castle\Debug\testing.obj
C:\Users\Administrator\Desktop\unknown-secret\Castle\Debug\Tests.obj
C:\Users\Administrator\Desktop\unknown-secret\Castle\Debug\Tower.obj
C:\Users\Administrator\Desktop\unknown-secret\Castle\Debug\utility.obj
C:\Users\Administrator\Desktop\unknown-secret\Castle\Debug\cl.command.1.tlog
C:\Users\Administrator\Desktop\unknown-secret\Castle\Debug\CL.read.1.tlog
C:\Users\Administrator\Desktop\unknown-secret\Castle\Debug\CL.write.1.tlog
C:\Users\Administrator\Desktop\unknown-secret\Castle\Debug\link-cvtres.read.1.tlog
C:\Users\Administrator\Desktop\unknown-secret\Castle\Debug\link-cvtres.write.1.tlog
C:\Users\Administrator\Desktop\unknown-secret\Castle\Debug\link-rc.read.1.tlog
C:\Users\Administrator\Desktop\unknown-secret\Castle\Debug\link-rc.write.1.tlog
C:\Users\Administrator\Desktop\unknown-secret\Castle\Debug\link.2044-cvtres.read.1.tlog
C:\Users\Administrator\Desktop\unknown-secret\Castle\Debug\link.2044-cvtres.write.1.tlog
C:\Users\Administrator\Desktop\unknown-secret\Castle\Debug\link.2044-rc.read.1.tlog
C:\Users\Administrator\Desktop\unknown-secret\Castle\Debug\link.2044-rc.write.1.tlog
C:\Users\Administrator\Desktop\unknown-secret\Castle\Debug\link.2044.read.1.tlog
C:\Users\Administrator\Desktop\unknown-secret\Castle\Debug\link.2044.write.1.tlog
C:\Users\Administrator\Desktop\unknown-secret\Castle\Debug\link.4160-cvtres.read.1.tlog
C:\Users\Administrator\Desktop\unknown-secret\Castle\Debug\link.4160-cvtres.write.1.tlog
C:\Users\Administrator\Desktop\unknown-secret\Castle\Debug\link.4160-rc.read.1.tlog
C:\Users\Administrator\Desktop\unknown-secret\Castle\Debug\link.4160-rc.write.1.tlog
C:\Users\Administrator\Desktop\unknown-secret\Castle\Debug\link.4160.read.1.tlog
C:\Users\Administrator\Desktop\unknown-secret\Castle\Debug\link.4160.write.1.tlog
C:\Users\Administrator\Desktop\unknown-secret\Castle\Debug\link.5156-cvtres.read.1.tlog
C:\Users\Administrator\Desktop\unknown-secret\Castle\Debug\link.5156-cvtres.write.1.tlog
C:\Users\Administrator\Desktop\unknown-secret\Castle\Debug\link.5156-rc.read.1.tlog
C:\Users\Administrator\Desktop\unknown-secret\Castle\Debug\link.5156-rc.write.1.tlog
C:\Users\Administrator\Desktop\unknown-secret\Castle\Debug\link.5156.read.1.tlog
C:\Users\Administrator\Desktop\unknown-secret\Castle\Debug\link.5156.write.1.tlog
C:\Users\Administrator\Desktop\unknown-secret\Castle\Debug\link.6012-cvtres.read.1.tlog
C:\Users\Administrator\Desktop\unknown-secret\Castle\Debug\link.6012-cvtres.write.1.tlog
C:\Users\Administrator\Desktop\unknown-secret\Castle\Debug\link.6012-rc.read.1.tlog
C:\Users\Administrator\Desktop\unknown-secret\Castle\Debug\link.6012-rc.write.1.tlog
C:\Users\Administrator\Desktop\unknown-secret\Castle\Debug\link.6012.read.1.tlog
C:\Users\Administrator\Desktop\unknown-secret\Castle\Debug\link.6012.write.1.tlog
C:\Users\Administrator\Desktop\unknown-secret\Castle\Debug\link.command.1.tlog
C:\Users\Administrator\Desktop\unknown-secret\Castle\Debug\link.read.1.tlog
C:\Users\Administrator\Desktop\unknown-secret\Castle\Debug\link.write.1.tlog
C:\Users\Administrator\Desktop\unknown-secret\Castle\Debug\vc110.idb
C:\Users\Administrator\Desktop\unknown-secret\Castle\Debug\vc140.idb
C:\Users\Administrator\Desktop\unknown-secret\Castle\Debug\vc110.pdb
C:\Users\Administrator\Desktop\unknown-secret\Castle\Debug\vc140.pdb
C:\Users\Administrator\Desktop\unknown-secret\Debug\Castle.pdb
C:\Users\Administrator\Desktop\unknown-secret\Debug\Castle.exe
C:\Users\Administrator\Desktop\unknown-secret\Debug\Castle.ilk
